<?xml version="1.0" encoding="UTF-8"?>
<!-- Generated by org.testng.reporters.JUnitReportReporter -->
<testsuite hostname="DESKTOP-9MMM37V" failures="0" tests="2" name="demo.TestNGIgnoreDemo" time="0.009" errors="0" timestamp="2025-02-12T13:41:12 IST" skipped="1">
  <testcase classname="demo.TestNGIgnoreDemo" name="test2" time="0.009"/>
  <testcase classname="demo.TestNGIgnoreDemo" name="test1">
    <skipped/>
  </testcase> <!-- test1 -->
</testsuite> <!-- demo.TestNGIgnoreDemo -->
