<?xml version="1.0" encoding="UTF-8"?>
<!-- Generated by org.testng.reporters.JUnitReportReporter -->
<testsuite hostname="DESKTOP-9MMM37V" failures="0" tests="1" name="demo.TestNGParametersDemo" time="0.007" errors="0" timestamp="2025-02-11T17:20:32 IST" skipped="0">
  <testcase classname="demo.TestNGParametersDemo" name="test" time="0.007"/>
</testsuite> <!-- demo.TestNGParametersDemo -->
