<?xml version="1.0" encoding="UTF-8"?>
<!-- Generated by org.testng.reporters.JUnitReportReporter -->
<testsuite hostname="DESKTOP-9MMM37V" failures="0" tests="3" name="demo.TestNGPriorityDemo" time="0.012" errors="0" timestamp="2025-02-11T11:54:08 IST" skipped="0">
  <testcase classname="demo.TestNGPriorityDemo" name="one" time="0.009"/>
  <testcase classname="demo.TestNGPriorityDemo" name="two" time="0.002"/>
  <testcase classname="demo.TestNGPriorityDemo" name="three" time="0.001"/>
</testsuite> <!-- demo.TestNGPriorityDemo -->
