<?xml version="1.0" encoding="UTF-8"?>
<!-- Generated by org.testng.reporters.JUnitReportReporter -->
<testsuite hostname="DESKTOP-9MMM37V" failures="0" tests="2" name="demo.TestNGMultiBrowserDemo" time="10.969" errors="0" timestamp="2025-02-11T13:21:55 IST" skipped="0">
  <testcase classname="demo.TestNGMultiBrowserDemo" name="test1" time="5.892"/>
  <testcase classname="demo.TestNGMultiBrowserDemo" name="test1" time="5.077"/>
</testsuite> <!-- demo.TestNGMultiBrowserDemo -->
