<?xml version="1.0" encoding="UTF-8"?>
<!-- Generated by org.testng.reporters.JUnitReportReporter -->
<testsuite hostname="DESKTOP-9MMM37V" failures="0" tests="3" name="listeners.TestNGListenersDemo" time="2.544" errors="0" timestamp="2025-02-10T16:29:27 IST" skipped="1">
  <testcase classname="listeners.TestNGListenersDemo" name="test3" time="0.002">
    <skipped/>
  </testcase> <!-- test3 -->
  <testcase classname="listeners.TestNGListenersDemo" name="test1" time="0.008"/>
  <testcase classname="listeners.TestNGListenersDemo" name="test2" time="2.534"/>
</testsuite> <!-- listeners.TestNGListenersDemo -->
