<?xml version="1.0" encoding="UTF-8"?>
<!-- Generated by org.testng.reporters.JUnitReportReporter -->
<testsuite hostname="DESKTOP-9MMM37V" failures="0" tests="3" name="demo.TestNGDependencyDemo" time="0.010" errors="0" timestamp="2025-02-12T11:51:30 IST" skipped="0">
  <testcase classname="demo.TestNGDependencyDemo" name="test2" time="0.008"/>
  <testcase classname="demo.TestNGDependencyDemo" name="test3" time="0.001"/>
  <testcase classname="demo.TestNGDependencyDemo" name="test1" time="0.001"/>
</testsuite> <!-- demo.TestNGDependencyDemo -->
